Flow report for LCD_Block_Disp_Ctrl
Fri May 19 16:58:42 2017
Quartus II Version 9.1 Build 222 10/21/2009 SJ Full Version


---------------------
; Table of Contents ;
---------------------
  1. Legal Notice
  2. Flow Summary
  3. Flow Settings
  4. Flow Non-Default Global Settings
  5. Flow Elapsed Time
  6. Flow OS Summary
  7. Flow Log



----------------
; Legal Notice ;
----------------
Copyright (C) 1991-2009 Altera Corporation
Your use of Altera Corporation's design tools, logic functions 
and other software and tools, and its AMPP partner logic 
functions, and any output files from any of the foregoing 
(including device programming or simulation files), and any 
associated documentation or information are expressly subject 
to the terms and conditions of the Altera Program License 
Subscription Agreement, Altera MegaCore Function License 
Agreement, or other applicable license agreement, including, 
without limitation, that your use is for the sole purpose of 
programming logic devices manufactured by Altera and sold by 
Altera or its authorized distributors.  Please refer to the 
applicable agreement for further details.



+-------------------------------------------------------------------------------+
; Flow Summary                                                                  ;
+------------------------------------+------------------------------------------+
; Flow Status                        ; Successful - Fri May 19 16:58:42 2017    ;
; Quartus II Version                 ; 9.1 Build 222 10/21/2009 SJ Full Version ;
; Revision Name                      ; LCD_Block_Disp_Ctrl                      ;
; Top-level Entity Name              ; LCD_Block_Disp_Ctrl                      ;
; Family                             ; Cyclone II                               ;
; Device                             ; EP2C5T144C8                              ;
; Timing Models                      ; Final                                    ;
; Met timing requirements            ; No                                       ;
; Total logic elements               ; 222 / 4,608 ( 5 % )                      ;
;     Total combinational functions  ; 211 / 4,608 ( 5 % )                      ;
;     Dedicated logic registers      ; 148 / 4,608 ( 3 % )                      ;
; Total registers                    ; 148                                      ;
; Total pins                         ; 17 / 89 ( 19 % )                         ;
; Total virtual pins                 ; 0                                        ;
; Total memory bits                  ; 0 / 119,808 ( 0 % )                      ;
; Embedded Multiplier 9-bit elements ; 0 / 26 ( 0 % )                           ;
; Total PLLs                         ; 0 / 2 ( 0 % )                            ;
+------------------------------------+------------------------------------------+


+-----------------------------------------+
; Flow Settings                           ;
+-------------------+---------------------+
; Option            ; Setting             ;
+-------------------+---------------------+
; Start date & time ; 05/19/2017 16:58:34 ;
; Main task         ; Compilation         ;
; Revision Name     ; LCD_Block_Disp_Ctrl ;
+-------------------+---------------------+


+----------------------------------------------------------------------------------------------------------------------------------------------------------------------------------------------------------------------------+
; Flow Non-Default Global Settings                                                                                                                                                                                           ;
+------------------------------------+----------------------------------------------------------------------------------------------------------------------------------------+---------------+-------------+----------------+
; Assignment Name                    ; Value                                                                                                                                  ; Default Value ; Entity Name ; Section Id     ;
+------------------------------------+----------------------------------------------------------------------------------------------------------------------------------------+---------------+-------------+----------------+
; COMPILER_SIGNATURE_ID              ; 52234966679.149518431404792                                                                                                            ; --            ; --          ; --             ;
; MAX_CORE_JUNCTION_TEMP             ; 85                                                                                                                                     ; --            ; --          ; --             ;
; MIN_CORE_JUNCTION_TEMP             ; 0                                                                                                                                      ; --            ; --          ; --             ;
; MISC_FILE                          ; Z:/benjaminzhang On My Mac/Study And Info/College/作业及作业资料/大二/EDA/EDA_Project/LCD_Block_Disp_Ctrl/LCD_Block_Disp_Ctrl.dpf      ; --            ; --          ; --             ;
; MISC_FILE                          ; Z:/benjaminzhang On My Mac/Study And Info/College/作业及作业资料/大二/EDA/EDA_Project/LCD_Block_Disp_Ctrl copy/LCD_Block_Disp_Ctrl.dpf ; --            ; --          ; --             ;
; PARTITION_COLOR                    ; 16764057                                                                                                                               ; --            ; --          ; Top            ;
; PARTITION_NETLIST_TYPE             ; SOURCE                                                                                                                                 ; --            ; --          ; Top            ;
; USE_GENERATED_PHYSICAL_CONSTRAINTS ; Off                                                                                                                                    ; --            ; --          ; eda_blast_fpga ;
+------------------------------------+----------------------------------------------------------------------------------------------------------------------------------------+---------------+-------------+----------------+


+-----------------------------------------------------------------------------------------------------------------------------+
; Flow Elapsed Time                                                                                                           ;
+-------------------------+--------------+-------------------------+---------------------+------------------------------------+
; Module Name             ; Elapsed Time ; Average Processors Used ; Peak Virtual Memory ; Total CPU Time (on all processors) ;
+-------------------------+--------------+-------------------------+---------------------+------------------------------------+
; Analysis & Synthesis    ; 00:00:02     ; 1.0                     ; 237 MB              ; 00:00:02                           ;
; Fitter                  ; 00:00:02     ; 1.0                     ; 265 MB              ; 00:00:02                           ;
; Assembler               ; 00:00:01     ; 1.0                     ; 220 MB              ; 00:00:01                           ;
; Classic Timing Analyzer ; 00:00:01     ; 1.0                     ; 183 MB              ; 00:00:01                           ;
; Total                   ; 00:00:06     ; --                      ; --                  ; 00:00:06                           ;
+-------------------------+--------------+-------------------------+---------------------+------------------------------------+


+-------------------------------------------------------------------------------------------+
; Flow OS Summary                                                                           ;
+-------------------------+-------------------+---------------+------------+----------------+
; Module Name             ; Machine Hostname  ; OS Name       ; OS Version ; Processor type ;
+-------------------------+-------------------+---------------+------------+----------------+
; Analysis & Synthesis    ; Benjamin-VM-Win10 ; Windows Vista ; 6.2        ; x86_64         ;
; Fitter                  ; Benjamin-VM-Win10 ; Windows Vista ; 6.2        ; x86_64         ;
; Assembler               ; Benjamin-VM-Win10 ; Windows Vista ; 6.2        ; x86_64         ;
; Classic Timing Analyzer ; Benjamin-VM-Win10 ; Windows Vista ; 6.2        ; x86_64         ;
+-------------------------+-------------------+---------------+------------+----------------+


------------
; Flow Log ;
------------
quartus_map --read_settings_files=on --write_settings_files=off LCD_Block_Disp_Ctrl -c LCD_Block_Disp_Ctrl
quartus_fit --read_settings_files=off --write_settings_files=off LCD_Block_Disp_Ctrl -c LCD_Block_Disp_Ctrl
quartus_asm --read_settings_files=off --write_settings_files=off LCD_Block_Disp_Ctrl -c LCD_Block_Disp_Ctrl
quartus_tan --read_settings_files=off --write_settings_files=off LCD_Block_Disp_Ctrl -c LCD_Block_Disp_Ctrl --timing_analysis_only



