Classic Timing Analyzer report for LCD_Block_Disp_Ctrl
Tue May 09 22:21:58 2017
Quartus II Version 9.1 Build 222 10/21/2009 SJ Full Version


---------------------
; Table of Contents ;
---------------------
  1. Legal Notice
  2. Timing Analyzer Summary
  3. Timing Analyzer Settings
  4. Clock Settings Summary
  5. Parallel Compilation
  6. Clock Setup: 'clk'
  7. tco
  8. Timing Analyzer Messages



----------------
; Legal Notice ;
----------------
Copyright (C) 1991-2009 Altera Corporation
Your use of Altera Corporation's design tools, logic functions 
and other software and tools, and its AMPP partner logic 
functions, and any output files from any of the foregoing 
(including device programming or simulation files), and any 
associated documentation or information are expressly subject 
to the terms and conditions of the Altera Program License 
Subscription Agreement, Altera MegaCore Function License 
Agreement, or other applicable license agreement, including, 
without limitation, that your use is for the sole purpose of 
programming logic devices manufactured by Altera and sold by 
Altera or its authorized distributors.  Please refer to the 
applicable agreement for further details.



+----------------------------------------------------------------------------------------------------------------------------------------------------------+
; Timing Analyzer Summary                                                                                                                                  ;
+------------------------------+-------+---------------+----------------------------------+------------+------------+------------+----------+--------------+
; Type                         ; Slack ; Required Time ; Actual Time                      ; From       ; To         ; From Clock ; To Clock ; Failed Paths ;
+------------------------------+-------+---------------+----------------------------------+------------+------------+------------+----------+--------------+
; Worst-case tco               ; N/A   ; None          ; 13.648 ns                        ; data[2]~en ; data[2]    ; clk        ; --       ; 0            ;
; Clock Setup: 'clk'           ; N/A   ; None          ; 179.60 MHz ( period = 5.568 ns ) ; addr[8]    ; data[7]~en ; clk        ; clk      ; 0            ;
; Total number of failed paths ;       ;               ;                                  ;            ;            ;            ;          ; 0            ;
+------------------------------+-------+---------------+----------------------------------+------------+------------+------------+----------+--------------+


+-----------------------------------------------------------------------------------------------------------------------------------------------------+
; Timing Analyzer Settings                                                                                                                            ;
+------------------------------------------------------------------------------------------------------+--------------------+------+----+-------------+
; Option                                                                                               ; Setting            ; From ; To ; Entity Name ;
+------------------------------------------------------------------------------------------------------+--------------------+------+----+-------------+
; Device Name                                                                                          ; EP2C5T144C8        ;      ;    ;             ;
; Timing Models                                                                                        ; Final              ;      ;    ;             ;
; Default hold multicycle                                                                              ; Same as Multicycle ;      ;    ;             ;
; Cut paths between unrelated clock domains                                                            ; On                 ;      ;    ;             ;
; Cut off read during write signal paths                                                               ; On                 ;      ;    ;             ;
; Cut off feedback from I/O pins                                                                       ; On                 ;      ;    ;             ;
; Report Combined Fast/Slow Timing                                                                     ; Off                ;      ;    ;             ;
; Ignore Clock Settings                                                                                ; Off                ;      ;    ;             ;
; Analyze latches as synchronous elements                                                              ; On                 ;      ;    ;             ;
; Enable Recovery/Removal analysis                                                                     ; Off                ;      ;    ;             ;
; Enable Clock Latency                                                                                 ; Off                ;      ;    ;             ;
; Use TimeQuest Timing Analyzer                                                                        ; Off                ;      ;    ;             ;
; Minimum Core Junction Temperature                                                                    ; 0                  ;      ;    ;             ;
; Maximum Core Junction Temperature                                                                    ; 85                 ;      ;    ;             ;
; Number of source nodes to report per destination node                                                ; 10                 ;      ;    ;             ;
; Number of destination nodes to report                                                                ; 10                 ;      ;    ;             ;
; Number of paths to report                                                                            ; 200                ;      ;    ;             ;
; Report Minimum Timing Checks                                                                         ; Off                ;      ;    ;             ;
; Use Fast Timing Models                                                                               ; Off                ;      ;    ;             ;
; Report IO Paths Separately                                                                           ; Off                ;      ;    ;             ;
; Perform Multicorner Analysis                                                                         ; On                 ;      ;    ;             ;
; Reports the worst-case path for each clock domain and analysis                                       ; Off                ;      ;    ;             ;
; Reports worst-case timing paths for each clock domain and analysis                                   ; On                 ;      ;    ;             ;
; Specifies the maximum number of worst-case timing paths to report for each clock domain and analysis ; 100                ;      ;    ;             ;
; Removes common clock path pessimism (CCPP) during slack computation                                  ; Off                ;      ;    ;             ;
; Output I/O Timing Endpoint                                                                           ; Near End           ;      ;    ;             ;
+------------------------------------------------------------------------------------------------------+--------------------+------+----+-------------+


+------------------------------------------------------------------------------------------------------------------------------------------------------------------------------------+
; Clock Settings Summary                                                                                                                                                             ;
+-----------------+--------------------+----------+------------------+---------------+--------------+----------+-----------------------+---------------------+--------+--------------+
; Clock Node Name ; Clock Setting Name ; Type     ; Fmax Requirement ; Early Latency ; Late Latency ; Based on ; Multiply Base Fmax by ; Divide Base Fmax by ; Offset ; Phase offset ;
+-----------------+--------------------+----------+------------------+---------------+--------------+----------+-----------------------+---------------------+--------+--------------+
; clk             ;                    ; User Pin ; None             ; 0.000 ns      ; 0.000 ns     ; --       ; N/A                   ; N/A                 ; N/A    ;              ;
+-----------------+--------------------+----------+------------------+---------------+--------------+----------+-----------------------+---------------------+--------+--------------+


+------------------------------------------+
; Parallel Compilation                     ;
+----------------------------+-------------+
; Processors                 ; Number      ;
+----------------------------+-------------+
; Number detected on machine ; 2           ;
; Maximum allowed            ; 2           ;
;                            ;             ;
; Average used               ; 1.00        ;
; Maximum used               ; 1           ;
;                            ;             ;
; Usage by Processor         ; % Time Used ;
;     1 processor            ; 100.0%      ;
;     2 processors           ;   0.0%      ;
+----------------------------+-------------+


+---------------------------------------------------------------------------------------------------------------------------------------------------------------------------------------------------------------------------------------------+
; Clock Setup: 'clk'                                                                                                                                                                                                                          ;
+-----------------------------------------+-----------------------------------------------------+----------------+----------------+------------+----------+-----------------------------+---------------------------+-------------------------+
; Slack                                   ; Actual fmax (period)                                ; From           ; To             ; From Clock ; To Clock ; Required Setup Relationship ; Required Longest P2P Time ; Actual Longest P2P Time ;
+-----------------------------------------+-----------------------------------------------------+----------------+----------------+------------+----------+-----------------------------+---------------------------+-------------------------+
; N/A                                     ; 179.60 MHz ( period = 5.568 ns )                    ; addr[8]        ; data[7]~en     ; clk        ; clk      ; None                        ; None                      ; 5.304 ns                ;
; N/A                                     ; 180.28 MHz ( period = 5.547 ns )                    ; addr[8]        ; data[7]~reg0   ; clk        ; clk      ; None                        ; None                      ; 5.284 ns                ;
; N/A                                     ; 181.32 MHz ( period = 5.515 ns )                    ; addr[3]        ; data[7]~en     ; clk        ; clk      ; None                        ; None                      ; 5.251 ns                ;
; N/A                                     ; 182.02 MHz ( period = 5.494 ns )                    ; addr[3]        ; data[7]~reg0   ; clk        ; clk      ; None                        ; None                      ; 5.231 ns                ;
; N/A                                     ; 184.50 MHz ( period = 5.420 ns )                    ; addr[1]        ; data[7]~en     ; clk        ; clk      ; None                        ; None                      ; 5.156 ns                ;
; N/A                                     ; 185.22 MHz ( period = 5.399 ns )                    ; addr[1]        ; data[7]~reg0   ; clk        ; clk      ; None                        ; None                      ; 5.136 ns                ;
; N/A                                     ; 187.13 MHz ( period = 5.344 ns )                    ; addr[7]        ; data[7]~en     ; clk        ; clk      ; None                        ; None                      ; 5.080 ns                ;
; N/A                                     ; 187.86 MHz ( period = 5.323 ns )                    ; addr[7]        ; data[7]~reg0   ; clk        ; clk      ; None                        ; None                      ; 5.060 ns                ;
; N/A                                     ; 192.27 MHz ( period = 5.201 ns )                    ; addr[0]        ; data[7]~en     ; clk        ; clk      ; None                        ; None                      ; 4.937 ns                ;
; N/A                                     ; 193.05 MHz ( period = 5.180 ns )                    ; addr[0]        ; data[7]~reg0   ; clk        ; clk      ; None                        ; None                      ; 4.917 ns                ;
; N/A                                     ; 194.55 MHz ( period = 5.140 ns )                    ; addr[9]        ; data[7]~en     ; clk        ; clk      ; None                        ; None                      ; 4.876 ns                ;
; N/A                                     ; 195.35 MHz ( period = 5.119 ns )                    ; addr[9]        ; data[7]~reg0   ; clk        ; clk      ; None                        ; None                      ; 4.856 ns                ;
; N/A                                     ; 198.73 MHz ( period = 5.032 ns )                    ; addr[2]        ; data[7]~en     ; clk        ; clk      ; None                        ; None                      ; 4.768 ns                ;
; N/A                                     ; 199.56 MHz ( period = 5.011 ns )                    ; addr[2]        ; data[7]~reg0   ; clk        ; clk      ; None                        ; None                      ; 4.748 ns                ;
; N/A                                     ; 206.02 MHz ( period = 4.854 ns )                    ; addr[8]        ; data[0]~reg0   ; clk        ; clk      ; None                        ; None                      ; 4.594 ns                ;
; N/A                                     ; 206.02 MHz ( period = 4.854 ns )                    ; addr[8]        ; data[0]~en     ; clk        ; clk      ; None                        ; None                      ; 4.594 ns                ;
; N/A                                     ; 206.02 MHz ( period = 4.854 ns )                    ; addr[8]        ; data[1]~reg0   ; clk        ; clk      ; None                        ; None                      ; 4.594 ns                ;
; N/A                                     ; 206.02 MHz ( period = 4.854 ns )                    ; addr[8]        ; data[1]~en     ; clk        ; clk      ; None                        ; None                      ; 4.594 ns                ;
; N/A                                     ; 206.02 MHz ( period = 4.854 ns )                    ; addr[8]        ; data[2]~reg0   ; clk        ; clk      ; None                        ; None                      ; 4.594 ns                ;
; N/A                                     ; 206.02 MHz ( period = 4.854 ns )                    ; addr[8]        ; data[2]~en     ; clk        ; clk      ; None                        ; None                      ; 4.594 ns                ;
; N/A                                     ; 206.02 MHz ( period = 4.854 ns )                    ; addr[8]        ; data[3]~reg0   ; clk        ; clk      ; None                        ; None                      ; 4.594 ns                ;
; N/A                                     ; 206.02 MHz ( period = 4.854 ns )                    ; addr[8]        ; data[3]~en     ; clk        ; clk      ; None                        ; None                      ; 4.594 ns                ;
; N/A                                     ; 206.02 MHz ( period = 4.854 ns )                    ; addr[8]        ; data[4]~reg0   ; clk        ; clk      ; None                        ; None                      ; 4.594 ns                ;
; N/A                                     ; 206.02 MHz ( period = 4.854 ns )                    ; addr[8]        ; data[4]~en     ; clk        ; clk      ; None                        ; None                      ; 4.594 ns                ;
; N/A                                     ; 206.02 MHz ( period = 4.854 ns )                    ; addr[8]        ; data[5]~reg0   ; clk        ; clk      ; None                        ; None                      ; 4.594 ns                ;
; N/A                                     ; 206.02 MHz ( period = 4.854 ns )                    ; addr[8]        ; data[5]~en     ; clk        ; clk      ; None                        ; None                      ; 4.594 ns                ;
; N/A                                     ; 206.02 MHz ( period = 4.854 ns )                    ; addr[8]        ; data[6]~reg0   ; clk        ; clk      ; None                        ; None                      ; 4.594 ns                ;
; N/A                                     ; 206.02 MHz ( period = 4.854 ns )                    ; addr[8]        ; data[6]~en     ; clk        ; clk      ; None                        ; None                      ; 4.594 ns                ;
; N/A                                     ; 208.29 MHz ( period = 4.801 ns )                    ; addr[3]        ; data[0]~reg0   ; clk        ; clk      ; None                        ; None                      ; 4.541 ns                ;
; N/A                                     ; 208.29 MHz ( period = 4.801 ns )                    ; addr[3]        ; data[0]~en     ; clk        ; clk      ; None                        ; None                      ; 4.541 ns                ;
; N/A                                     ; 208.29 MHz ( period = 4.801 ns )                    ; addr[3]        ; data[1]~reg0   ; clk        ; clk      ; None                        ; None                      ; 4.541 ns                ;
; N/A                                     ; 208.29 MHz ( period = 4.801 ns )                    ; addr[3]        ; data[1]~en     ; clk        ; clk      ; None                        ; None                      ; 4.541 ns                ;
; N/A                                     ; 208.29 MHz ( period = 4.801 ns )                    ; addr[3]        ; data[2]~reg0   ; clk        ; clk      ; None                        ; None                      ; 4.541 ns                ;
; N/A                                     ; 208.29 MHz ( period = 4.801 ns )                    ; addr[3]        ; data[2]~en     ; clk        ; clk      ; None                        ; None                      ; 4.541 ns                ;
; N/A                                     ; 208.29 MHz ( period = 4.801 ns )                    ; addr[3]        ; data[3]~reg0   ; clk        ; clk      ; None                        ; None                      ; 4.541 ns                ;
; N/A                                     ; 208.29 MHz ( period = 4.801 ns )                    ; addr[3]        ; data[3]~en     ; clk        ; clk      ; None                        ; None                      ; 4.541 ns                ;
; N/A                                     ; 208.29 MHz ( period = 4.801 ns )                    ; addr[3]        ; data[4]~reg0   ; clk        ; clk      ; None                        ; None                      ; 4.541 ns                ;
; N/A                                     ; 208.29 MHz ( period = 4.801 ns )                    ; addr[3]        ; data[4]~en     ; clk        ; clk      ; None                        ; None                      ; 4.541 ns                ;
; N/A                                     ; 208.29 MHz ( period = 4.801 ns )                    ; addr[3]        ; data[5]~reg0   ; clk        ; clk      ; None                        ; None                      ; 4.541 ns                ;
; N/A                                     ; 208.29 MHz ( period = 4.801 ns )                    ; addr[3]        ; data[5]~en     ; clk        ; clk      ; None                        ; None                      ; 4.541 ns                ;
; N/A                                     ; 208.29 MHz ( period = 4.801 ns )                    ; addr[3]        ; data[6]~reg0   ; clk        ; clk      ; None                        ; None                      ; 4.541 ns                ;
; N/A                                     ; 208.29 MHz ( period = 4.801 ns )                    ; addr[3]        ; data[6]~en     ; clk        ; clk      ; None                        ; None                      ; 4.541 ns                ;
; N/A                                     ; 212.49 MHz ( period = 4.706 ns )                    ; addr[1]        ; data[0]~reg0   ; clk        ; clk      ; None                        ; None                      ; 4.446 ns                ;
; N/A                                     ; 212.49 MHz ( period = 4.706 ns )                    ; addr[1]        ; data[0]~en     ; clk        ; clk      ; None                        ; None                      ; 4.446 ns                ;
; N/A                                     ; 212.49 MHz ( period = 4.706 ns )                    ; addr[1]        ; data[1]~reg0   ; clk        ; clk      ; None                        ; None                      ; 4.446 ns                ;
; N/A                                     ; 212.49 MHz ( period = 4.706 ns )                    ; addr[1]        ; data[1]~en     ; clk        ; clk      ; None                        ; None                      ; 4.446 ns                ;
; N/A                                     ; 212.49 MHz ( period = 4.706 ns )                    ; addr[1]        ; data[2]~reg0   ; clk        ; clk      ; None                        ; None                      ; 4.446 ns                ;
; N/A                                     ; 212.49 MHz ( period = 4.706 ns )                    ; addr[1]        ; data[2]~en     ; clk        ; clk      ; None                        ; None                      ; 4.446 ns                ;
; N/A                                     ; 212.49 MHz ( period = 4.706 ns )                    ; addr[1]        ; data[3]~reg0   ; clk        ; clk      ; None                        ; None                      ; 4.446 ns                ;
; N/A                                     ; 212.49 MHz ( period = 4.706 ns )                    ; addr[1]        ; data[3]~en     ; clk        ; clk      ; None                        ; None                      ; 4.446 ns                ;
; N/A                                     ; 212.49 MHz ( period = 4.706 ns )                    ; addr[1]        ; data[4]~reg0   ; clk        ; clk      ; None                        ; None                      ; 4.446 ns                ;
; N/A                                     ; 212.49 MHz ( period = 4.706 ns )                    ; addr[1]        ; data[4]~en     ; clk        ; clk      ; None                        ; None                      ; 4.446 ns                ;
; N/A                                     ; 212.49 MHz ( period = 4.706 ns )                    ; addr[1]        ; data[5]~reg0   ; clk        ; clk      ; None                        ; None                      ; 4.446 ns                ;
; N/A                                     ; 212.49 MHz ( period = 4.706 ns )                    ; addr[1]        ; data[5]~en     ; clk        ; clk      ; None                        ; None                      ; 4.446 ns                ;
; N/A                                     ; 212.49 MHz ( period = 4.706 ns )                    ; addr[1]        ; data[6]~reg0   ; clk        ; clk      ; None                        ; None                      ; 4.446 ns                ;
; N/A                                     ; 212.49 MHz ( period = 4.706 ns )                    ; addr[1]        ; data[6]~en     ; clk        ; clk      ; None                        ; None                      ; 4.446 ns                ;
; N/A                                     ; 215.98 MHz ( period = 4.630 ns )                    ; addr[7]        ; data[0]~reg0   ; clk        ; clk      ; None                        ; None                      ; 4.370 ns                ;
; N/A                                     ; 215.98 MHz ( period = 4.630 ns )                    ; addr[7]        ; data[0]~en     ; clk        ; clk      ; None                        ; None                      ; 4.370 ns                ;
; N/A                                     ; 215.98 MHz ( period = 4.630 ns )                    ; addr[7]        ; data[1]~reg0   ; clk        ; clk      ; None                        ; None                      ; 4.370 ns                ;
; N/A                                     ; 215.98 MHz ( period = 4.630 ns )                    ; addr[7]        ; data[1]~en     ; clk        ; clk      ; None                        ; None                      ; 4.370 ns                ;
; N/A                                     ; 215.98 MHz ( period = 4.630 ns )                    ; addr[7]        ; data[2]~reg0   ; clk        ; clk      ; None                        ; None                      ; 4.370 ns                ;
; N/A                                     ; 215.98 MHz ( period = 4.630 ns )                    ; addr[7]        ; data[2]~en     ; clk        ; clk      ; None                        ; None                      ; 4.370 ns                ;
; N/A                                     ; 215.98 MHz ( period = 4.630 ns )                    ; addr[7]        ; data[3]~reg0   ; clk        ; clk      ; None                        ; None                      ; 4.370 ns                ;
; N/A                                     ; 215.98 MHz ( period = 4.630 ns )                    ; addr[7]        ; data[3]~en     ; clk        ; clk      ; None                        ; None                      ; 4.370 ns                ;
; N/A                                     ; 215.98 MHz ( period = 4.630 ns )                    ; addr[7]        ; data[4]~reg0   ; clk        ; clk      ; None                        ; None                      ; 4.370 ns                ;
; N/A                                     ; 215.98 MHz ( period = 4.630 ns )                    ; addr[7]        ; data[4]~en     ; clk        ; clk      ; None                        ; None                      ; 4.370 ns                ;
; N/A                                     ; 215.98 MHz ( period = 4.630 ns )                    ; addr[7]        ; data[5]~reg0   ; clk        ; clk      ; None                        ; None                      ; 4.370 ns                ;
; N/A                                     ; 215.98 MHz ( period = 4.630 ns )                    ; addr[7]        ; data[5]~en     ; clk        ; clk      ; None                        ; None                      ; 4.370 ns                ;
; N/A                                     ; 215.98 MHz ( period = 4.630 ns )                    ; addr[7]        ; data[6]~reg0   ; clk        ; clk      ; None                        ; None                      ; 4.370 ns                ;
; N/A                                     ; 215.98 MHz ( period = 4.630 ns )                    ; addr[7]        ; data[6]~en     ; clk        ; clk      ; None                        ; None                      ; 4.370 ns                ;
; N/A                                     ; 216.22 MHz ( period = 4.625 ns )                    ; state.WRITERAM ; data[7]~en     ; clk        ; clk      ; None                        ; None                      ; 4.360 ns                ;
; N/A                                     ; 217.20 MHz ( period = 4.604 ns )                    ; state.WRITERAM ; data[7]~reg0   ; clk        ; clk      ; None                        ; None                      ; 4.340 ns                ;
; N/A                                     ; 222.87 MHz ( period = 4.487 ns )                    ; addr[0]        ; data[0]~reg0   ; clk        ; clk      ; None                        ; None                      ; 4.227 ns                ;
; N/A                                     ; 222.87 MHz ( period = 4.487 ns )                    ; addr[0]        ; data[0]~en     ; clk        ; clk      ; None                        ; None                      ; 4.227 ns                ;
; N/A                                     ; 222.87 MHz ( period = 4.487 ns )                    ; addr[0]        ; data[1]~reg0   ; clk        ; clk      ; None                        ; None                      ; 4.227 ns                ;
; N/A                                     ; 222.87 MHz ( period = 4.487 ns )                    ; addr[0]        ; data[1]~en     ; clk        ; clk      ; None                        ; None                      ; 4.227 ns                ;
; N/A                                     ; 222.87 MHz ( period = 4.487 ns )                    ; addr[0]        ; data[2]~reg0   ; clk        ; clk      ; None                        ; None                      ; 4.227 ns                ;
; N/A                                     ; 222.87 MHz ( period = 4.487 ns )                    ; addr[0]        ; data[2]~en     ; clk        ; clk      ; None                        ; None                      ; 4.227 ns                ;
; N/A                                     ; 222.87 MHz ( period = 4.487 ns )                    ; addr[0]        ; data[3]~reg0   ; clk        ; clk      ; None                        ; None                      ; 4.227 ns                ;
; N/A                                     ; 222.87 MHz ( period = 4.487 ns )                    ; addr[0]        ; data[3]~en     ; clk        ; clk      ; None                        ; None                      ; 4.227 ns                ;
; N/A                                     ; 222.87 MHz ( period = 4.487 ns )                    ; addr[0]        ; data[4]~reg0   ; clk        ; clk      ; None                        ; None                      ; 4.227 ns                ;
; N/A                                     ; 222.87 MHz ( period = 4.487 ns )                    ; addr[0]        ; data[4]~en     ; clk        ; clk      ; None                        ; None                      ; 4.227 ns                ;
; N/A                                     ; 222.87 MHz ( period = 4.487 ns )                    ; addr[0]        ; data[5]~reg0   ; clk        ; clk      ; None                        ; None                      ; 4.227 ns                ;
; N/A                                     ; 222.87 MHz ( period = 4.487 ns )                    ; addr[0]        ; data[5]~en     ; clk        ; clk      ; None                        ; None                      ; 4.227 ns                ;
; N/A                                     ; 222.87 MHz ( period = 4.487 ns )                    ; addr[0]        ; data[6]~reg0   ; clk        ; clk      ; None                        ; None                      ; 4.227 ns                ;
; N/A                                     ; 222.87 MHz ( period = 4.487 ns )                    ; addr[0]        ; data[6]~en     ; clk        ; clk      ; None                        ; None                      ; 4.227 ns                ;
; N/A                                     ; 223.46 MHz ( period = 4.475 ns )                    ; addr[8]        ; state.STOP     ; clk        ; clk      ; None                        ; None                      ; 4.212 ns                ;
; N/A                                     ; 225.94 MHz ( period = 4.426 ns )                    ; addr[9]        ; data[0]~reg0   ; clk        ; clk      ; None                        ; None                      ; 4.166 ns                ;
; N/A                                     ; 225.94 MHz ( period = 4.426 ns )                    ; addr[9]        ; data[0]~en     ; clk        ; clk      ; None                        ; None                      ; 4.166 ns                ;
; N/A                                     ; 225.94 MHz ( period = 4.426 ns )                    ; addr[9]        ; data[1]~reg0   ; clk        ; clk      ; None                        ; None                      ; 4.166 ns                ;
; N/A                                     ; 225.94 MHz ( period = 4.426 ns )                    ; addr[9]        ; data[1]~en     ; clk        ; clk      ; None                        ; None                      ; 4.166 ns                ;
; N/A                                     ; 225.94 MHz ( period = 4.426 ns )                    ; addr[9]        ; data[2]~reg0   ; clk        ; clk      ; None                        ; None                      ; 4.166 ns                ;
; N/A                                     ; 225.94 MHz ( period = 4.426 ns )                    ; addr[9]        ; data[2]~en     ; clk        ; clk      ; None                        ; None                      ; 4.166 ns                ;
; N/A                                     ; 225.94 MHz ( period = 4.426 ns )                    ; addr[9]        ; data[3]~reg0   ; clk        ; clk      ; None                        ; None                      ; 4.166 ns                ;
; N/A                                     ; 225.94 MHz ( period = 4.426 ns )                    ; addr[9]        ; data[3]~en     ; clk        ; clk      ; None                        ; None                      ; 4.166 ns                ;
; N/A                                     ; 225.94 MHz ( period = 4.426 ns )                    ; addr[9]        ; data[4]~reg0   ; clk        ; clk      ; None                        ; None                      ; 4.166 ns                ;
; N/A                                     ; 225.94 MHz ( period = 4.426 ns )                    ; addr[9]        ; data[4]~en     ; clk        ; clk      ; None                        ; None                      ; 4.166 ns                ;
; N/A                                     ; 225.94 MHz ( period = 4.426 ns )                    ; addr[9]        ; data[5]~reg0   ; clk        ; clk      ; None                        ; None                      ; 4.166 ns                ;
; N/A                                     ; 225.94 MHz ( period = 4.426 ns )                    ; addr[9]        ; data[5]~en     ; clk        ; clk      ; None                        ; None                      ; 4.166 ns                ;
; N/A                                     ; 225.94 MHz ( period = 4.426 ns )                    ; addr[9]        ; data[6]~reg0   ; clk        ; clk      ; None                        ; None                      ; 4.166 ns                ;
; N/A                                     ; 225.94 MHz ( period = 4.426 ns )                    ; addr[9]        ; data[6]~en     ; clk        ; clk      ; None                        ; None                      ; 4.166 ns                ;
; N/A                                     ; 230.89 MHz ( period = 4.331 ns )                    ; LCD_count[2]   ; LCD_count[8]   ; clk        ; clk      ; None                        ; None                      ; 4.067 ns                ;
; N/A                                     ; 231.59 MHz ( period = 4.318 ns )                    ; addr[2]        ; data[0]~reg0   ; clk        ; clk      ; None                        ; None                      ; 4.058 ns                ;
; N/A                                     ; 231.59 MHz ( period = 4.318 ns )                    ; addr[2]        ; data[0]~en     ; clk        ; clk      ; None                        ; None                      ; 4.058 ns                ;
; N/A                                     ; 231.59 MHz ( period = 4.318 ns )                    ; addr[2]        ; data[1]~reg0   ; clk        ; clk      ; None                        ; None                      ; 4.058 ns                ;
; N/A                                     ; 231.59 MHz ( period = 4.318 ns )                    ; addr[2]        ; data[1]~en     ; clk        ; clk      ; None                        ; None                      ; 4.058 ns                ;
; N/A                                     ; 231.59 MHz ( period = 4.318 ns )                    ; addr[2]        ; data[2]~reg0   ; clk        ; clk      ; None                        ; None                      ; 4.058 ns                ;
; N/A                                     ; 231.59 MHz ( period = 4.318 ns )                    ; addr[2]        ; data[2]~en     ; clk        ; clk      ; None                        ; None                      ; 4.058 ns                ;
; N/A                                     ; 231.59 MHz ( period = 4.318 ns )                    ; addr[2]        ; data[3]~reg0   ; clk        ; clk      ; None                        ; None                      ; 4.058 ns                ;
; N/A                                     ; 231.59 MHz ( period = 4.318 ns )                    ; addr[2]        ; data[3]~en     ; clk        ; clk      ; None                        ; None                      ; 4.058 ns                ;
; N/A                                     ; 231.59 MHz ( period = 4.318 ns )                    ; addr[2]        ; data[4]~reg0   ; clk        ; clk      ; None                        ; None                      ; 4.058 ns                ;
; N/A                                     ; 231.59 MHz ( period = 4.318 ns )                    ; addr[2]        ; data[4]~en     ; clk        ; clk      ; None                        ; None                      ; 4.058 ns                ;
; N/A                                     ; 231.59 MHz ( period = 4.318 ns )                    ; addr[2]        ; data[5]~reg0   ; clk        ; clk      ; None                        ; None                      ; 4.058 ns                ;
; N/A                                     ; 231.59 MHz ( period = 4.318 ns )                    ; addr[2]        ; data[5]~en     ; clk        ; clk      ; None                        ; None                      ; 4.058 ns                ;
; N/A                                     ; 231.59 MHz ( period = 4.318 ns )                    ; addr[2]        ; data[6]~reg0   ; clk        ; clk      ; None                        ; None                      ; 4.058 ns                ;
; N/A                                     ; 231.59 MHz ( period = 4.318 ns )                    ; addr[2]        ; data[6]~en     ; clk        ; clk      ; None                        ; None                      ; 4.058 ns                ;
; N/A                                     ; 233.48 MHz ( period = 4.283 ns )                    ; LCD_count[2]   ; LCD_count[6]   ; clk        ; clk      ; None                        ; None                      ; 4.019 ns                ;
; N/A                                     ; 233.70 MHz ( period = 4.279 ns )                    ; LCD_count[2]   ; LCD_count[7]   ; clk        ; clk      ; None                        ; None                      ; 4.015 ns                ;
; N/A                                     ; 237.14 MHz ( period = 4.217 ns )                    ; addr[8]        ; state.DISPLAY0 ; clk        ; clk      ; None                        ; None                      ; 3.954 ns                ;
; N/A                                     ; 238.10 MHz ( period = 4.200 ns )                    ; addr[2]        ; addr[2]        ; clk        ; clk      ; None                        ; None                      ; 3.936 ns                ;
; N/A                                     ; 242.78 MHz ( period = 4.119 ns )                    ; addr[7]        ; addr[7]        ; clk        ; clk      ; None                        ; None                      ; 3.855 ns                ;
; N/A                                     ; 243.19 MHz ( period = 4.112 ns )                    ; addr[7]        ; state.STOP     ; clk        ; clk      ; None                        ; None                      ; 3.849 ns                ;
; N/A                                     ; 245.58 MHz ( period = 4.072 ns )                    ; addr[8]        ; addr[8]        ; clk        ; clk      ; None                        ; None                      ; 3.808 ns                ;
; N/A                                     ; 246.24 MHz ( period = 4.061 ns )                    ; addr[9]        ; addr[9]        ; clk        ; clk      ; None                        ; None                      ; 3.797 ns                ;
; N/A                                     ; 247.22 MHz ( period = 4.045 ns )                    ; LCD_count[2]   ; LCD_clk        ; clk        ; clk      ; None                        ; None                      ; 3.675 ns                ;
; N/A                                     ; 247.40 MHz ( period = 4.042 ns )                    ; LCD_count[6]   ; LCD_count[8]   ; clk        ; clk      ; None                        ; None                      ; 3.778 ns                ;
; N/A                                     ; 248.88 MHz ( period = 4.018 ns )                    ; addr[1]        ; addr[1]        ; clk        ; clk      ; None                        ; None                      ; 3.754 ns                ;
; N/A                                     ; 250.38 MHz ( period = 3.994 ns )                    ; LCD_count[2]   ; LCD_count[11]  ; clk        ; clk      ; None                        ; None                      ; 3.734 ns                ;
; N/A                                     ; 250.63 MHz ( period = 3.990 ns )                    ; LCD_count[6]   ; LCD_count[7]   ; clk        ; clk      ; None                        ; None                      ; 3.726 ns                ;
; N/A                                     ; 253.87 MHz ( period = 3.939 ns )                    ; addr[2]        ; state.DISPLAY0 ; clk        ; clk      ; None                        ; None                      ; 3.676 ns                ;
; N/A                                     ; 255.69 MHz ( period = 3.911 ns )                    ; state.WRITERAM ; data[0]~reg0   ; clk        ; clk      ; None                        ; None                      ; 3.650 ns                ;
; N/A                                     ; 255.69 MHz ( period = 3.911 ns )                    ; state.WRITERAM ; data[0]~en     ; clk        ; clk      ; None                        ; None                      ; 3.650 ns                ;
; N/A                                     ; 255.69 MHz ( period = 3.911 ns )                    ; state.WRITERAM ; data[1]~reg0   ; clk        ; clk      ; None                        ; None                      ; 3.650 ns                ;
; N/A                                     ; 255.69 MHz ( period = 3.911 ns )                    ; state.WRITERAM ; data[1]~en     ; clk        ; clk      ; None                        ; None                      ; 3.650 ns                ;
; N/A                                     ; 255.69 MHz ( period = 3.911 ns )                    ; state.WRITERAM ; data[2]~reg0   ; clk        ; clk      ; None                        ; None                      ; 3.650 ns                ;
; N/A                                     ; 255.69 MHz ( period = 3.911 ns )                    ; state.WRITERAM ; data[2]~en     ; clk        ; clk      ; None                        ; None                      ; 3.650 ns                ;
; N/A                                     ; 255.69 MHz ( period = 3.911 ns )                    ; state.WRITERAM ; data[3]~reg0   ; clk        ; clk      ; None                        ; None                      ; 3.650 ns                ;
; N/A                                     ; 255.69 MHz ( period = 3.911 ns )                    ; state.WRITERAM ; data[3]~en     ; clk        ; clk      ; None                        ; None                      ; 3.650 ns                ;
; N/A                                     ; 255.69 MHz ( period = 3.911 ns )                    ; state.WRITERAM ; data[4]~reg0   ; clk        ; clk      ; None                        ; None                      ; 3.650 ns                ;
; N/A                                     ; 255.69 MHz ( period = 3.911 ns )                    ; state.WRITERAM ; data[4]~en     ; clk        ; clk      ; None                        ; None                      ; 3.650 ns                ;
; N/A                                     ; 255.69 MHz ( period = 3.911 ns )                    ; state.WRITERAM ; data[5]~reg0   ; clk        ; clk      ; None                        ; None                      ; 3.650 ns                ;
; N/A                                     ; 255.69 MHz ( period = 3.911 ns )                    ; state.WRITERAM ; data[5]~en     ; clk        ; clk      ; None                        ; None                      ; 3.650 ns                ;
; N/A                                     ; 255.69 MHz ( period = 3.911 ns )                    ; state.WRITERAM ; data[6]~reg0   ; clk        ; clk      ; None                        ; None                      ; 3.650 ns                ;
; N/A                                     ; 255.69 MHz ( period = 3.911 ns )                    ; state.WRITERAM ; data[6]~en     ; clk        ; clk      ; None                        ; None                      ; 3.650 ns                ;
; N/A                                     ; 255.82 MHz ( period = 3.909 ns )                    ; state.IDLE     ; addr[1]        ; clk        ; clk      ; None                        ; None                      ; 3.645 ns                ;
; N/A                                     ; 255.89 MHz ( period = 3.908 ns )                    ; LCD_count[7]   ; LCD_count[8]   ; clk        ; clk      ; None                        ; None                      ; 3.644 ns                ;
; N/A                                     ; 256.02 MHz ( period = 3.906 ns )                    ; addr[2]        ; state.WRITERAM ; clk        ; clk      ; None                        ; None                      ; 3.643 ns                ;
; N/A                                     ; 256.28 MHz ( period = 3.902 ns )                    ; LCD_count[7]   ; LCD_count[7]   ; clk        ; clk      ; None                        ; None                      ; 3.638 ns                ;
; N/A                                     ; 256.54 MHz ( period = 3.898 ns )                    ; state.IDLE     ; addr[8]        ; clk        ; clk      ; None                        ; None                      ; 3.634 ns                ;
; N/A                                     ; 256.54 MHz ( period = 3.898 ns )                    ; addr[9]        ; state.STOP     ; clk        ; clk      ; None                        ; None                      ; 3.635 ns                ;
; N/A                                     ; 256.67 MHz ( period = 3.896 ns )                    ; state.IDLE     ; addr[9]        ; clk        ; clk      ; None                        ; None                      ; 3.632 ns                ;
; N/A                                     ; 258.80 MHz ( period = 3.864 ns )                    ; addr[4]        ; state.STOP     ; clk        ; clk      ; None                        ; None                      ; 3.601 ns                ;
; N/A                                     ; 259.47 MHz ( period = 3.854 ns )                    ; addr[7]        ; state.DISPLAY0 ; clk        ; clk      ; None                        ; None                      ; 3.591 ns                ;
; N/A                                     ; 259.94 MHz ( period = 3.847 ns )                    ; LCD_count[2]   ; LCD_count[2]   ; clk        ; clk      ; None                        ; None                      ; 3.583 ns                ;
; N/A                                     ; 260.15 MHz ( period = 3.844 ns )                    ; state.STOP     ; data[7]~en     ; clk        ; clk      ; None                        ; None                      ; 3.579 ns                ;
; N/A                                     ; 261.16 MHz ( period = 3.829 ns )                    ; state.IDLE     ; addr[2]        ; clk        ; clk      ; None                        ; None                      ; 3.565 ns                ;
; N/A                                     ; 261.57 MHz ( period = 3.823 ns )                    ; state.STOP     ; data[7]~reg0   ; clk        ; clk      ; None                        ; None                      ; 3.559 ns                ;
; N/A                                     ; 263.16 MHz ( period = 3.800 ns )                    ; addr[5]        ; state.STOP     ; clk        ; clk      ; None                        ; None                      ; 3.537 ns                ;
; N/A                                     ; 263.44 MHz ( period = 3.796 ns )                    ; addr[4]        ; data[0]~reg0   ; clk        ; clk      ; None                        ; None                      ; 3.536 ns                ;
; N/A                                     ; 263.78 MHz ( period = 3.791 ns )                    ; LCD_count[0]   ; LCD_count[8]   ; clk        ; clk      ; None                        ; None                      ; 3.523 ns                ;
; N/A                                     ; 267.17 MHz ( period = 3.743 ns )                    ; LCD_count[0]   ; LCD_count[6]   ; clk        ; clk      ; None                        ; None                      ; 3.475 ns                ;
; N/A                                     ; 267.45 MHz ( period = 3.739 ns )                    ; LCD_count[0]   ; LCD_count[7]   ; clk        ; clk      ; None                        ; None                      ; 3.471 ns                ;
; N/A                                     ; 269.03 MHz ( period = 3.717 ns )                    ; LCD_count[1]   ; LCD_count[8]   ; clk        ; clk      ; None                        ; None                      ; 3.449 ns                ;
; N/A                                     ; 269.91 MHz ( period = 3.705 ns )                    ; LCD_count[6]   ; LCD_count[11]  ; clk        ; clk      ; None                        ; None                      ; 3.445 ns                ;
; N/A                                     ; 270.27 MHz ( period = 3.700 ns )                    ; LCD_count[0]   ; LCD_count[2]   ; clk        ; clk      ; None                        ; None                      ; 3.432 ns                ;
; N/A                                     ; 270.42 MHz ( period = 3.698 ns )                    ; addr[4]        ; addr[4]        ; clk        ; clk      ; None                        ; None                      ; 3.434 ns                ;
; N/A                                     ; 272.55 MHz ( period = 3.669 ns )                    ; LCD_count[1]   ; LCD_count[6]   ; clk        ; clk      ; None                        ; None                      ; 3.401 ns                ;
; N/A                                     ; 272.85 MHz ( period = 3.665 ns )                    ; LCD_count[1]   ; LCD_count[7]   ; clk        ; clk      ; None                        ; None                      ; 3.397 ns                ;
; N/A                                     ; 274.73 MHz ( period = 3.640 ns )                    ; LCD_count[7]   ; LCD_clk        ; clk        ; clk      ; None                        ; None                      ; 3.270 ns                ;
; N/A                                     ; 274.73 MHz ( period = 3.640 ns )                    ; addr[9]        ; state.DISPLAY0 ; clk        ; clk      ; None                        ; None                      ; 3.377 ns                ;
; N/A                                     ; 275.41 MHz ( period = 3.631 ns )                    ; LCD_count[8]   ; LCD_clk        ; clk        ; clk      ; None                        ; None                      ; 3.261 ns                ;
; N/A                                     ; 275.79 MHz ( period = 3.626 ns )                    ; LCD_count[1]   ; LCD_count[2]   ; clk        ; clk      ; None                        ; None                      ; 3.358 ns                ;
; N/A                                     ; 277.32 MHz ( period = 3.606 ns )                    ; addr[4]        ; state.DISPLAY0 ; clk        ; clk      ; None                        ; None                      ; 3.343 ns                ;
; N/A                                     ; 277.78 MHz ( period = 3.600 ns )                    ; LCD_count[6]   ; LCD_count[6]   ; clk        ; clk      ; None                        ; None                      ; 3.336 ns                ;
; N/A                                     ; 278.47 MHz ( period = 3.591 ns )                    ; LCD_count[3]   ; LCD_count[8]   ; clk        ; clk      ; None                        ; None                      ; 3.323 ns                ;
; N/A                                     ; 280.03 MHz ( period = 3.571 ns )                    ; LCD_count[7]   ; LCD_count[11]  ; clk        ; clk      ; None                        ; None                      ; 3.311 ns                ;
; N/A                                     ; 280.35 MHz ( period = 3.567 ns )                    ; addr[6]        ; state.STOP     ; clk        ; clk      ; None                        ; None                      ; 3.304 ns                ;
; N/A                                     ; 281.45 MHz ( period = 3.553 ns )                    ; addr[5]        ; data[1]~reg0   ; clk        ; clk      ; None                        ; None                      ; 3.293 ns                ;
; N/A                                     ; 281.77 MHz ( period = 3.549 ns )                    ; LCD_count[1]   ; LCD_clk        ; clk        ; clk      ; None                        ; None                      ; 3.175 ns                ;
; N/A                                     ; 282.17 MHz ( period = 3.544 ns )                    ; state.IDLE     ; addr[7]        ; clk        ; clk      ; None                        ; None                      ; 3.280 ns                ;
; N/A                                     ; 282.25 MHz ( period = 3.543 ns )                    ; LCD_count[3]   ; LCD_count[6]   ; clk        ; clk      ; None                        ; None                      ; 3.275 ns                ;
; N/A                                     ; 282.33 MHz ( period = 3.542 ns )                    ; addr[5]        ; state.DISPLAY0 ; clk        ; clk      ; None                        ; None                      ; 3.279 ns                ;
; N/A                                     ; 282.57 MHz ( period = 3.539 ns )                    ; LCD_count[3]   ; LCD_count[7]   ; clk        ; clk      ; None                        ; None                      ; 3.271 ns                ;
; N/A                                     ; 282.97 MHz ( period = 3.534 ns )                    ; addr[0]        ; state.DISPLAY0 ; clk        ; clk      ; None                        ; None                      ; 3.271 ns                ;
; N/A                                     ; 282.97 MHz ( period = 3.534 ns )                    ; LCD_count[7]   ; LCD_count[6]   ; clk        ; clk      ; None                        ; None                      ; 3.270 ns                ;
; N/A                                     ; 283.13 MHz ( period = 3.532 ns )                    ; LCD_count[7]   ; LCD_count[2]   ; clk        ; clk      ; None                        ; None                      ; 3.268 ns                ;
; N/A                                     ; 283.69 MHz ( period = 3.525 ns )                    ; LCD_count[8]   ; LCD_count[6]   ; clk        ; clk      ; None                        ; None                      ; 3.261 ns                ;
; N/A                                     ; 283.77 MHz ( period = 3.524 ns )                    ; LCD_count[8]   ; LCD_count[2]   ; clk        ; clk      ; None                        ; None                      ; 3.260 ns                ;
; N/A                                     ; 284.25 MHz ( period = 3.518 ns )                    ; addr[2]        ; state.STOP     ; clk        ; clk      ; None                        ; None                      ; 3.255 ns                ;
; N/A                                     ; 284.98 MHz ( period = 3.509 ns )                    ; addr[6]        ; data[2]~reg0   ; clk        ; clk      ; None                        ; None                      ; 3.249 ns                ;
; N/A                                     ; 285.63 MHz ( period = 3.501 ns )                    ; addr[0]        ; state.WRITERAM ; clk        ; clk      ; None                        ; None                      ; 3.238 ns                ;
; N/A                                     ; 286.04 MHz ( period = 3.496 ns )                    ; LCD_count[3]   ; LCD_clk        ; clk        ; clk      ; None                        ; None                      ; 3.122 ns                ;
; N/A                                     ; 286.86 MHz ( period = 3.486 ns )                    ; LCD_count[8]   ; LCD_count[8]   ; clk        ; clk      ; None                        ; None                      ; 3.222 ns                ;
; N/A                                     ; 286.86 MHz ( period = 3.486 ns )                    ; LCD_count[8]   ; LCD_count[7]   ; clk        ; clk      ; None                        ; None                      ; 3.222 ns                ;
; N/A                                     ; 287.94 MHz ( period = 3.473 ns )                    ; LCD_count[6]   ; LCD_clk        ; clk        ; clk      ; None                        ; None                      ; 3.103 ns                ;
; N/A                                     ; 289.52 MHz ( period = 3.454 ns )                    ; LCD_count[0]   ; LCD_count[11]  ; clk        ; clk      ; None                        ; None                      ; 3.190 ns                ;
; N/A                                     ; 290.11 MHz ( period = 3.447 ns )                    ; LCD_count[4]   ; LCD_count[8]   ; clk        ; clk      ; None                        ; None                      ; 3.179 ns                ;
; N/A                                     ; 292.14 MHz ( period = 3.423 ns )                    ; LCD_count[8]   ; LCD_count[11]  ; clk        ; clk      ; None                        ; None                      ; 3.163 ns                ;
; N/A                                     ; 292.40 MHz ( period = 3.420 ns )                    ; LCD_count[5]   ; LCD_count[8]   ; clk        ; clk      ; None                        ; None                      ; 3.152 ns                ;
; N/A                                     ; 294.20 MHz ( period = 3.399 ns )                    ; LCD_count[4]   ; LCD_count[6]   ; clk        ; clk      ; None                        ; None                      ; 3.131 ns                ;
; Timing analysis restricted to 200 rows. ; To change the limit use Settings (Assignments menu) ;                ;                ;            ;          ;                             ;                           ;                         ;
+-----------------------------------------+-----------------------------------------------------+----------------+----------------+------------+----------+-----------------------------+---------------------------+-------------------------+


+-------------------------------------------------------------------------+
; tco                                                                     ;
+-------+--------------+------------+--------------+---------+------------+
; Slack ; Required tco ; Actual tco ; From         ; To      ; From Clock ;
+-------+--------------+------------+--------------+---------+------------+
; N/A   ; None         ; 13.648 ns  ; data[2]~en   ; data[2] ; clk        ;
; N/A   ; None         ; 13.423 ns  ; data[5]~reg0 ; data[5] ; clk        ;
; N/A   ; None         ; 13.403 ns  ; data[0]~reg0 ; data[0] ; clk        ;
; N/A   ; None         ; 13.384 ns  ; data[7]~reg0 ; data[7] ; clk        ;
; N/A   ; None         ; 13.063 ns  ; data[3]~en   ; data[3] ; clk        ;
; N/A   ; None         ; 13.045 ns  ; data[7]~en   ; data[7] ; clk        ;
; N/A   ; None         ; 13.016 ns  ; data[1]~en   ; data[1] ; clk        ;
; N/A   ; None         ; 12.901 ns  ; data[1]~reg0 ; data[1] ; clk        ;
; N/A   ; None         ; 12.668 ns  ; flag         ; en      ; clk        ;
; N/A   ; None         ; 12.657 ns  ; data[3]~reg0 ; data[3] ; clk        ;
; N/A   ; None         ; 12.431 ns  ; data[2]~reg0 ; data[2] ; clk        ;
; N/A   ; None         ; 12.366 ns  ; data[5]~en   ; data[5] ; clk        ;
; N/A   ; None         ; 12.329 ns  ; data[6]~reg0 ; data[6] ; clk        ;
; N/A   ; None         ; 12.200 ns  ; data[6]~en   ; data[6] ; clk        ;
; N/A   ; None         ; 12.114 ns  ; data[4]~en   ; data[4] ; clk        ;
; N/A   ; None         ; 11.857 ns  ; data[4]~reg0 ; data[4] ; clk        ;
; N/A   ; None         ; 11.823 ns  ; rs~reg0      ; rs      ; clk        ;
; N/A   ; None         ; 11.814 ns  ; data[0]~en   ; data[0] ; clk        ;
; N/A   ; None         ; 9.061 ns   ; LCD_clk      ; en      ; clk        ;
+-------+--------------+------------+--------------+---------+------------+


+--------------------------+
; Timing Analyzer Messages ;
+--------------------------+
Info: *******************************************************************
Info: Running Quartus II Classic Timing Analyzer
    Info: Version 9.1 Build 222 10/21/2009 SJ Full Version
    Info: Processing started: Tue May 09 22:21:56 2017
Info: Command: quartus_tan --read_settings_files=off --write_settings_files=off LCD_Block_Disp_Ctrl -c LCD_Block_Disp_Ctrl --timing_analysis_only
Info: Parallel compilation is enabled and will use 2 of the 2 processors detected
Warning: Found pins functioning as undefined clocks and/or memory enables
    Info: Assuming node "clk" is an undefined clock
Warning: Found 1 node(s) in clock paths which may be acting as ripple and/or gated clocks -- node(s) analyzed as buffer(s) resulting in clock skew
    Info: Detected ripple clock "LCD_clk" as buffer
Info: Clock "clk" has Internal fmax of 179.6 MHz between source register "addr[8]" and destination register "data[7]~en" (period= 5.568 ns)
    Info: + Longest register to register delay is 5.304 ns
        Info: 1: + IC(0.000 ns) + CELL(0.000 ns) = 0.000 ns; Loc. = LCFF_X26_Y10_N21; Fanout = 6; REG Node = 'addr[8]'
        Info: 2: + IC(1.544 ns) + CELL(0.624 ns) = 2.168 ns; Loc. = LCCOMB_X22_Y11_N24; Fanout = 1; COMB Node = 'Selector23~0'
        Info: 3: + IC(1.040 ns) + CELL(0.206 ns) = 3.414 ns; Loc. = LCCOMB_X25_Y11_N22; Fanout = 16; COMB Node = 'Selector23~1'
        Info: 4: + IC(1.035 ns) + CELL(0.855 ns) = 5.304 ns; Loc. = LCFF_X26_Y10_N3; Fanout = 1; REG Node = 'data[7]~en'
        Info: Total cell delay = 1.685 ns ( 31.77 % )
        Info: Total interconnect delay = 3.619 ns ( 68.23 % )
    Info: - Smallest clock skew is 0.000 ns
        Info: + Shortest clock path from clock "clk" to destination register is 5.694 ns
            Info: 1: + IC(0.000 ns) + CELL(1.110 ns) = 1.110 ns; Loc. = PIN_88; Fanout = 2; CLK Node = 'clk'
            Info: 2: + IC(0.891 ns) + CELL(0.970 ns) = 2.971 ns; Loc. = LCFF_X27_Y10_N13; Fanout = 3; REG Node = 'LCD_clk'
            Info: 3: + IC(1.199 ns) + CELL(0.000 ns) = 4.170 ns; Loc. = CLKCTRL_G5; Fanout = 38; COMB Node = 'LCD_clk~clkctrl'
            Info: 4: + IC(0.858 ns) + CELL(0.666 ns) = 5.694 ns; Loc. = LCFF_X26_Y10_N3; Fanout = 1; REG Node = 'data[7]~en'
            Info: Total cell delay = 2.746 ns ( 48.23 % )
            Info: Total interconnect delay = 2.948 ns ( 51.77 % )
        Info: - Longest clock path from clock "clk" to source register is 5.694 ns
            Info: 1: + IC(0.000 ns) + CELL(1.110 ns) = 1.110 ns; Loc. = PIN_88; Fanout = 2; CLK Node = 'clk'
            Info: 2: + IC(0.891 ns) + CELL(0.970 ns) = 2.971 ns; Loc. = LCFF_X27_Y10_N13; Fanout = 3; REG Node = 'LCD_clk'
            Info: 3: + IC(1.199 ns) + CELL(0.000 ns) = 4.170 ns; Loc. = CLKCTRL_G5; Fanout = 38; COMB Node = 'LCD_clk~clkctrl'
            Info: 4: + IC(0.858 ns) + CELL(0.666 ns) = 5.694 ns; Loc. = LCFF_X26_Y10_N21; Fanout = 6; REG Node = 'addr[8]'
            Info: Total cell delay = 2.746 ns ( 48.23 % )
            Info: Total interconnect delay = 2.948 ns ( 51.77 % )
    Info: + Micro clock to output delay of source is 0.304 ns
    Info: + Micro setup delay of destination is -0.040 ns
Info: tco from clock "clk" to destination pin "data[2]" through register "data[2]~en" is 13.648 ns
    Info: + Longest clock path from clock "clk" to source register is 5.698 ns
        Info: 1: + IC(0.000 ns) + CELL(1.110 ns) = 1.110 ns; Loc. = PIN_88; Fanout = 2; CLK Node = 'clk'
        Info: 2: + IC(0.891 ns) + CELL(0.970 ns) = 2.971 ns; Loc. = LCFF_X27_Y10_N13; Fanout = 3; REG Node = 'LCD_clk'
        Info: 3: + IC(1.199 ns) + CELL(0.000 ns) = 4.170 ns; Loc. = CLKCTRL_G5; Fanout = 38; COMB Node = 'LCD_clk~clkctrl'
        Info: 4: + IC(0.862 ns) + CELL(0.666 ns) = 5.698 ns; Loc. = LCFF_X25_Y11_N11; Fanout = 1; REG Node = 'data[2]~en'
        Info: Total cell delay = 2.746 ns ( 48.19 % )
        Info: Total interconnect delay = 2.952 ns ( 51.81 % )
    Info: + Micro clock to output delay of source is 0.304 ns
    Info: + Longest register to pin delay is 7.646 ns
        Info: 1: + IC(0.000 ns) + CELL(0.000 ns) = 0.000 ns; Loc. = LCFF_X25_Y11_N11; Fanout = 1; REG Node = 'data[2]~en'
        Info: 2: + IC(4.541 ns) + CELL(3.105 ns) = 7.646 ns; Loc. = PIN_30; Fanout = 0; PIN Node = 'data[2]'
        Info: Total cell delay = 3.105 ns ( 40.61 % )
        Info: Total interconnect delay = 4.541 ns ( 59.39 % )
Info: Quartus II Classic Timing Analyzer was successful. 0 errors, 2 warnings
    Info: Peak virtual memory: 197 megabytes
    Info: Processing ended: Tue May 09 22:21:58 2017
    Info: Elapsed time: 00:00:02
    Info: Total CPU time (on all processors): 00:00:02


