Flow report for LCD_Picture_Disp
Thu May 04 22:14:19 2017
Quartus II Version 9.1 Build 222 10/21/2009 SJ Full Version


---------------------
; Table of Contents ;
---------------------
  1. Legal Notice
  2. Flow Summary
  3. Flow Settings
  4. Flow Non-Default Global Settings
  5. Flow Elapsed Time
  6. Flow OS Summary
  7. Flow Log



----------------
; Legal Notice ;
----------------
Copyright (C) 1991-2009 Altera Corporation
Your use of Altera Corporation's design tools, logic functions 
and other software and tools, and its AMPP partner logic 
functions, and any output files from any of the foregoing 
(including device programming or simulation files), and any 
associated documentation or information are expressly subject 
to the terms and conditions of the Altera Program License 
Subscription Agreement, Altera MegaCore Function License 
Agreement, or other applicable license agreement, including, 
without limitation, that your use is for the sole purpose of 
programming logic devices manufactured by Altera and sold by 
Altera or its authorized distributors.  Please refer to the 
applicable agreement for further details.



+--------------------------------------------------------------------+
; Flow Summary                                                       ;
+-------------------------+------------------------------------------+
; Flow Status             ; Successful - Thu May 04 22:14:19 2017    ;
; Quartus II Version      ; 9.1 Build 222 10/21/2009 SJ Full Version ;
; Revision Name           ; LCD_Picture_Disp                         ;
; Top-level Entity Name   ; LCD_Picture_Disp                         ;
; Family                  ; Cyclone                                  ;
; Device                  ; EP1C6Q240C8                              ;
; Timing Models           ; Final                                    ;
; Met timing requirements ; No                                       ;
; Total logic elements    ; 79 / 5,980 ( 1 % )                       ;
; Total pins              ; 13 / 185 ( 7 % )                         ;
; Total virtual pins      ; 0                                        ;
; Total memory bits       ; 8,192 / 92,160 ( 9 % )                   ;
; Total PLLs              ; 0 / 2 ( 0 % )                            ;
+-------------------------+------------------------------------------+


+-----------------------------------------+
; Flow Settings                           ;
+-------------------+---------------------+
; Option            ; Setting             ;
+-------------------+---------------------+
; Start date & time ; 05/04/2017 22:14:10 ;
; Main task         ; Compilation         ;
; Revision Name     ; LCD_Picture_Disp    ;
+-------------------+---------------------+


+-----------------------------------------------------------------------------------------------------------------+
; Flow Non-Default Global Settings                                                                                ;
+------------------------------------+-----------------------------+---------------+-------------+----------------+
; Assignment Name                    ; Value                       ; Default Value ; Entity Name ; Section Id     ;
+------------------------------------+-----------------------------+---------------+-------------+----------------+
; COMPILER_SIGNATURE_ID              ; 52234966679.149390724906424 ; --            ; --          ; --             ;
; IP_TOOL_NAME                       ; LPM_ROM                     ; --            ; --          ; --             ;
; IP_TOOL_VERSION                    ; 9.1                         ; --            ; --          ; --             ;
; MAX_CORE_JUNCTION_TEMP             ; 85                          ; --            ; --          ; --             ;
; MIN_CORE_JUNCTION_TEMP             ; 0                           ; --            ; --          ; --             ;
; MISC_FILE                          ; lpm_rom0.bsf                ; --            ; --          ; --             ;
; MISC_FILE                          ; lpm_rom0_bb.v               ; --            ; --          ; --             ;
; PARTITION_COLOR                    ; 16764057                    ; --            ; --          ; Top            ;
; PARTITION_NETLIST_TYPE             ; SOURCE                      ; --            ; --          ; Top            ;
; USE_GENERATED_PHYSICAL_CONSTRAINTS ; Off                         ; --            ; --          ; eda_blast_fpga ;
+------------------------------------+-----------------------------+---------------+-------------+----------------+


+-----------------------------------------------------------------------------------------------------------------------------+
; Flow Elapsed Time                                                                                                           ;
+-------------------------+--------------+-------------------------+---------------------+------------------------------------+
; Module Name             ; Elapsed Time ; Average Processors Used ; Peak Virtual Memory ; Total CPU Time (on all processors) ;
+-------------------------+--------------+-------------------------+---------------------+------------------------------------+
; Analysis & Synthesis    ; 00:00:03     ; 1.0                     ; 242 MB              ; 00:00:03                           ;
; Fitter                  ; 00:00:02     ; 2.0                     ; 266 MB              ; 00:00:02                           ;
; Assembler               ; 00:00:01     ; 1.0                     ; 221 MB              ; 00:00:01                           ;
; Classic Timing Analyzer ; 00:00:01     ; 1.0                     ; 180 MB              ; 00:00:02                           ;
; Total                   ; 00:00:07     ; --                      ; --                  ; 00:00:08                           ;
+-------------------------+--------------+-------------------------+---------------------+------------------------------------+


+------------------------------------------------------------------------------------------+
; Flow OS Summary                                                                          ;
+-------------------------+------------------+---------------+------------+----------------+
; Module Name             ; Machine Hostname ; OS Name       ; OS Version ; Processor type ;
+-------------------------+------------------+---------------+------------+----------------+
; Analysis & Synthesis    ; Benjamin_PC      ; Windows Vista ; 6.2        ; x86_64         ;
; Fitter                  ; Benjamin_PC      ; Windows Vista ; 6.2        ; x86_64         ;
; Assembler               ; Benjamin_PC      ; Windows Vista ; 6.2        ; x86_64         ;
; Classic Timing Analyzer ; Benjamin_PC      ; Windows Vista ; 6.2        ; x86_64         ;
+-------------------------+------------------+---------------+------------+----------------+


------------
; Flow Log ;
------------
quartus_map --read_settings_files=on --write_settings_files=off LCD_Picture_Disp -c LCD_Picture_Disp
quartus_fit --read_settings_files=off --write_settings_files=off LCD_Picture_Disp -c LCD_Picture_Disp
quartus_asm --read_settings_files=off --write_settings_files=off LCD_Picture_Disp -c LCD_Picture_Disp
quartus_tan --read_settings_files=off --write_settings_files=off LCD_Picture_Disp -c LCD_Picture_Disp --timing_analysis_only



