Analysis & Synthesis report for Digital_Clock_2
Fri May 05 14:15:48 2017
Quartus II Version 9.1 Build 222 10/21/2009 SJ Full Version


---------------------
; Table of Contents ;
---------------------
  1. Legal Notice
  2. Analysis & Synthesis Summary
  3. Analysis & Synthesis Settings
  4. Parallel Compilation
  5. Analysis & Synthesis Source Files Read
  6. Analysis & Synthesis Resource Usage Summary
  7. Analysis & Synthesis Resource Utilization by Entity
  8. User-Specified and Inferred Latches
  9. Logic Cells Representing Combinational Loops
 10. Registers Removed During Synthesis
 11. General Register Statistics
 12. Multiplexer Restructuring Statistics (Restructuring Performed)
 13. Analysis & Synthesis Messages
 14. Analysis & Synthesis Suppressed Messages



----------------
; Legal Notice ;
----------------
Copyright (C) 1991-2009 Altera Corporation
Your use of Altera Corporation's design tools, logic functions 
and other software and tools, and its AMPP partner logic 
functions, and any output files from any of the foregoing 
(including device programming or simulation files), and any 
associated documentation or information are expressly subject 
to the terms and conditions of the Altera Program License 
Subscription Agreement, Altera MegaCore Function License 
Agreement, or other applicable license agreement, including, 
without limitation, that your use is for the sole purpose of 
programming logic devices manufactured by Altera and sold by 
Altera or its authorized distributors.  Please refer to the 
applicable agreement for further details.



+------------------------------------------------------------------------+
; Analysis & Synthesis Summary                                           ;
+-----------------------------+------------------------------------------+
; Analysis & Synthesis Status ; Successful - Fri May 05 14:15:48 2017    ;
; Quartus II Version          ; 9.1 Build 222 10/21/2009 SJ Full Version ;
; Revision Name               ; Digital_Clock_2                          ;
; Top-level Entity Name       ; Digital_Clock_2                          ;
; Family                      ; Cyclone                                  ;
; Total logic elements        ; 196                                      ;
; Total pins                  ; 17                                       ;
; Total virtual pins          ; 0                                        ;
; Total memory bits           ; 0                                        ;
; Total PLLs                  ; 0                                        ;
+-----------------------------+------------------------------------------+


+----------------------------------------------------------------------------------------------------------------------+
; Analysis & Synthesis Settings                                                                                        ;
+----------------------------------------------------------------------------+--------------------+--------------------+
; Option                                                                     ; Setting            ; Default Value      ;
+----------------------------------------------------------------------------+--------------------+--------------------+
; Device                                                                     ; EP1C6Q240C8        ;                    ;
; Top-level entity name                                                      ; Digital_Clock_2    ; Digital_Clock_2    ;
; Family name                                                                ; Cyclone            ; Stratix II         ;
; Use Generated Physical Constraints File                                    ; Off                ;                    ;
; Use smart compilation                                                      ; Off                ; Off                ;
; Enable parallel Assembler and TimeQuest Timing Analyzer during compilation ; On                 ; On                 ;
; Enable compact report table                                                ; Off                ; Off                ;
; Restructure Multiplexers                                                   ; Auto               ; Auto               ;
; Create Debugging Nodes for IP Cores                                        ; Off                ; Off                ;
; Preserve fewer node names                                                  ; On                 ; On                 ;
; Disable OpenCore Plus hardware evaluation                                  ; Off                ; Off                ;
; Verilog Version                                                            ; Verilog_2001       ; Verilog_2001       ;
; VHDL Version                                                               ; VHDL_1993          ; VHDL_1993          ;
; State Machine Processing                                                   ; Auto               ; Auto               ;
; Safe State Machine                                                         ; Off                ; Off                ;
; Extract Verilog State Machines                                             ; On                 ; On                 ;
; Extract VHDL State Machines                                                ; On                 ; On                 ;
; Ignore Verilog initial constructs                                          ; Off                ; Off                ;
; Iteration limit for constant Verilog loops                                 ; 5000               ; 5000               ;
; Iteration limit for non-constant Verilog loops                             ; 250                ; 250                ;
; Add Pass-Through Logic to Inferred RAMs                                    ; On                 ; On                 ;
; Parallel Synthesis                                                         ; On                 ; On                 ;
; NOT Gate Push-Back                                                         ; On                 ; On                 ;
; Power-Up Don't Care                                                        ; On                 ; On                 ;
; Remove Redundant Logic Cells                                               ; Off                ; Off                ;
; Remove Duplicate Registers                                                 ; On                 ; On                 ;
; Ignore CARRY Buffers                                                       ; Off                ; Off                ;
; Ignore CASCADE Buffers                                                     ; Off                ; Off                ;
; Ignore GLOBAL Buffers                                                      ; Off                ; Off                ;
; Ignore ROW GLOBAL Buffers                                                  ; Off                ; Off                ;
; Ignore LCELL Buffers                                                       ; Off                ; Off                ;
; Ignore SOFT Buffers                                                        ; On                 ; On                 ;
; Limit AHDL Integers to 32 Bits                                             ; Off                ; Off                ;
; Optimization Technique                                                     ; Balanced           ; Balanced           ;
; Carry Chain Length                                                         ; 70                 ; 70                 ;
; Auto Carry Chains                                                          ; On                 ; On                 ;
; Auto Open-Drain Pins                                                       ; On                 ; On                 ;
; Perform WYSIWYG Primitive Resynthesis                                      ; Off                ; Off                ;
; Auto ROM Replacement                                                       ; On                 ; On                 ;
; Auto RAM Replacement                                                       ; On                 ; On                 ;
; Auto Shift Register Replacement                                            ; Auto               ; Auto               ;
; Auto Clock Enable Replacement                                              ; On                 ; On                 ;
; Strict RAM Replacement                                                     ; Off                ; Off                ;
; Allow Synchronous Control Signals                                          ; On                 ; On                 ;
; Force Use of Synchronous Clear Signals                                     ; Off                ; Off                ;
; Auto RAM Block Balancing                                                   ; On                 ; On                 ;
; Auto RAM to Logic Cell Conversion                                          ; Off                ; Off                ;
; Auto Resource Sharing                                                      ; Off                ; Off                ;
; Allow Any RAM Size For Recognition                                         ; Off                ; Off                ;
; Allow Any ROM Size For Recognition                                         ; Off                ; Off                ;
; Allow Any Shift Register Size For Recognition                              ; Off                ; Off                ;
; Use LogicLock Constraints during Resource Balancing                        ; On                 ; On                 ;
; Ignore translate_off and synthesis_off directives                          ; Off                ; Off                ;
; Show Parameter Settings Tables in Synthesis Report                         ; On                 ; On                 ;
; Ignore Maximum Fan-Out Assignments                                         ; Off                ; Off                ;
; Synchronization Register Chain Length                                      ; 2                  ; 2                  ;
; PowerPlay Power Optimization                                               ; Normal compilation ; Normal compilation ;
; HDL message level                                                          ; Level2             ; Level2             ;
; Suppress Register Optimization Related Messages                            ; Off                ; Off                ;
; Number of Removed Registers Reported in Synthesis Report                   ; 100                ; 100                ;
; Number of Inverted Registers Reported in Synthesis Report                  ; 100                ; 100                ;
; Clock MUX Protection                                                       ; On                 ; On                 ;
; Block Design Naming                                                        ; Auto               ; Auto               ;
; Synthesis Effort                                                           ; Auto               ; Auto               ;
; Shift Register Replacement - Allow Asynchronous Clear Signal               ; On                 ; On                 ;
; Analysis & Synthesis Message Level                                         ; Medium             ; Medium             ;
; Disable Register Merging Across Hierarchies                                ; Auto               ; Auto               ;
; Resource Aware Inference For Block RAM                                     ; On                 ; On                 ;
+----------------------------------------------------------------------------+--------------------+--------------------+


+------------------------------------------+
; Parallel Compilation                     ;
+----------------------------+-------------+
; Processors                 ; Number      ;
+----------------------------+-------------+
; Number detected on machine ; 2           ;
; Maximum allowed            ; 2           ;
;                            ;             ;
; Average used               ; 1.00        ;
; Maximum used               ; 1           ;
;                            ;             ;
; Usage by Processor         ; % Time Used ;
;     1 processor            ; 100.0%      ;
;     2 processors           ;   0.0%      ;
+----------------------------+-------------+


+-------------------------------------------------------------------------------------------------------------------------------------------------------------------------------------------------------+
; Analysis & Synthesis Source Files Read                                                                                                                                                                ;
+----------------------------------+-----------------+------------------------+-------------------------------------------------------------------------------------------------------------------------+
; File Name with User-Entered Path ; Used in Netlist ; File Type              ; File Name with Absolute Path                                                                                            ;
+----------------------------------+-----------------+------------------------+-------------------------------------------------------------------------------------------------------------------------+
; Digital_Clock_2.v                ; yes             ; User Verilog HDL File  ; Z:/benjaminzhang On My Mac/Study And Info/College/作业及作业资料/大二/EDA/EDA_Project/Digital_Clock_2/Digital_Clock_2.v ;
+----------------------------------+-----------------+------------------------+-------------------------------------------------------------------------------------------------------------------------+


+-----------------------------------------------------+
; Analysis & Synthesis Resource Usage Summary         ;
+---------------------------------------------+-------+
; Resource                                    ; Usage ;
+---------------------------------------------+-------+
; Total logic elements                        ; 196   ;
;     -- Combinational with no register       ; 96    ;
;     -- Register only                        ; 0     ;
;     -- Combinational with a register        ; 100   ;
;                                             ;       ;
; Logic element usage by number of LUT inputs ;       ;
;     -- 4 input functions                    ; 48    ;
;     -- 3 input functions                    ; 35    ;
;     -- 2 input functions                    ; 104   ;
;     -- 1 input functions                    ; 9     ;
;     -- 0 input functions                    ; 0     ;
;                                             ;       ;
; Logic elements by mode                      ;       ;
;     -- normal mode                          ; 93    ;
;     -- arithmetic mode                      ; 103   ;
;     -- qfbk mode                            ; 0     ;
;     -- register cascade mode                ; 0     ;
;     -- synchronous clear/load mode          ; 77    ;
;     -- asynchronous clear/load mode         ; 0     ;
;                                             ;       ;
; Total registers                             ; 100   ;
; Total logic cells in carry chains           ; 112   ;
; I/O pins                                    ; 17    ;
; Maximum fan-out node                        ; clk   ;
; Maximum fan-out                             ; 66    ;
; Total fan-out                               ; 711   ;
; Average fan-out                             ; 3.34  ;
+---------------------------------------------+-------+


+-----------------------------------------------------------------------------------------------------------------------------------------------------------------------------------------------------------------------+
; Analysis & Synthesis Resource Utilization by Entity                                                                                                                                                                   ;
+----------------------------+-------------+--------------+-------------+------+--------------+--------------+-------------------+------------------+-----------------+------------+---------------------+--------------+
; Compilation Hierarchy Node ; Logic Cells ; LC Registers ; Memory Bits ; Pins ; Virtual Pins ; LUT-Only LCs ; Register-Only LCs ; LUT/Register LCs ; Carry Chain LCs ; Packed LCs ; Full Hierarchy Name ; Library Name ;
+----------------------------+-------------+--------------+-------------+------+--------------+--------------+-------------------+------------------+-----------------+------------+---------------------+--------------+
; |Digital_Clock_2           ; 196 (196)   ; 100          ; 0           ; 17   ; 0            ; 96 (96)      ; 0 (0)             ; 100 (100)        ; 112 (112)       ; 0 (0)      ; |Digital_Clock_2    ; work         ;
+----------------------------+-------------+--------------+-------------+------+--------------+--------------+-------------------+------------------+-----------------+------------+---------------------+--------------+
Note: For table entries with two numbers listed, the numbers in parentheses indicate the number of resources of the given type used by the specific entity alone. The numbers listed outside of parentheses indicate the total resources of the given type used by the specific entity and all of its sub-entities in the hierarchy.


+---------------------------------------------------------------------------------------------------+
; User-Specified and Inferred Latches                                                               ;
+----------------------------------------------------+---------------------+------------------------+
; Latch Name                                         ; Latch Enable Signal ; Free of Timing Hazards ;
+----------------------------------------------------+---------------------+------------------------+
; clk_freq_div                                       ; count[30]           ; yes                    ;
; Number of user-specified and inferred latches = 1  ;                     ;                        ;
+----------------------------------------------------+---------------------+------------------------+
Note: All latches listed above may not be present at the end of synthesis due to various synthesis optimizations.


+-------------------------------------------------------------+
; Logic Cells Representing Combinational Loops                ;
+--------------------------------------------------------+----+
; Logic Cell Name                                        ;    ;
+--------------------------------------------------------+----+
; count[30]                                              ;    ;
; Add3                                                   ;    ;
; count[22]                                              ;    ;
; count[19]                                              ;    ;
; count[18]                                              ;    ;
; count[14]                                              ;    ;
; count[11]                                              ;    ;
; count[9]                                               ;    ;
; count[8]                                               ;    ;
; count[6]                                               ;    ;
; count[13]                                              ;    ;
; count[26]                                              ;    ;
; count[27]                                              ;    ;
; count[28]                                              ;    ;
; count[29]                                              ;    ;
; count[1]                                               ;    ;
; count[2]                                               ;    ;
; count[3]                                               ;    ;
; count[4]                                               ;    ;
; count[5]                                               ;    ;
; count[7]                                               ;    ;
; count[10]                                              ;    ;
; count[12]                                              ;    ;
; count[0]                                               ;    ;
; count[15]                                              ;    ;
; count[16]                                              ;    ;
; count[17]                                              ;    ;
; count[20]                                              ;    ;
; count[21]                                              ;    ;
; count[23]                                              ;    ;
; count[24]                                              ;    ;
; count[25]                                              ;    ;
; Number of logic cells representing combinational loops ; 32 ;
+--------------------------------------------------------+----+
Note: All cells listed above may not be present at the end of synthesis due to various synthesis optimizations.


+---------------------------------------------------------------------------------+
; Registers Removed During Synthesis                                              ;
+----------------------------------------+----------------------------------------+
; Register name                          ; Reason for Removal                     ;
+----------------------------------------+----------------------------------------+
; LEDOut[5..7]                           ; Stuck at GND due to stuck port data_in ;
; count1[20..30]                         ; Lost fanout                            ;
; key_low_min[14..30]                    ; Lost fanout                            ;
; key_low_en[14..30]                     ; Lost fanout                            ;
; key_low_hr[14..30]                     ; Lost fanout                            ;
; Total Number of Removed Registers = 65 ;                                        ;
+----------------------------------------+----------------------------------------+


+------------------------------------------------------+
; General Register Statistics                          ;
+----------------------------------------------+-------+
; Statistic                                    ; Value ;
+----------------------------------------------+-------+
; Total registers                              ; 100   ;
; Number of registers using Synchronous Clear  ; 77    ;
; Number of registers using Synchronous Load   ; 5     ;
; Number of registers using Asynchronous Clear ; 0     ;
; Number of registers using Asynchronous Load  ; 0     ;
; Number of registers using Clock Enable       ; 0     ;
; Number of registers using Preset             ; 0     ;
+----------------------------------------------+-------+


+------------------------------------------------------------------------------------------------------------------------------------------------+
; Multiplexer Restructuring Statistics (Restructuring Performed)                                                                                 ;
+--------------------+-----------+---------------+----------------------+------------------------+------------+----------------------------------+
; Multiplexer Inputs ; Bus Width ; Baseline Area ; Area if Restructured ; Saving if Restructured ; Registered ; Example Multiplexer Output       ;
+--------------------+-----------+---------------+----------------------+------------------------+------------+----------------------------------+
; 4:1                ; 5 bits    ; 10 LEs        ; 10 LEs               ; 0 LEs                  ; Yes        ; |Digital_Clock_2|LEDOut[0]       ;
; 3:1                ; 5 bits    ; 10 LEs        ; 5 LEs                ; 5 LEs                  ; Yes        ; |Digital_Clock_2|hr_low_out[4]   ;
; 3:1                ; 5 bits    ; 10 LEs        ; 5 LEs                ; 5 LEs                  ; Yes        ; |Digital_Clock_2|hr_high_out[4]  ;
; 4:1                ; 5 bits    ; 10 LEs        ; 5 LEs                ; 5 LEs                  ; Yes        ; |Digital_Clock_2|min_high_out[4] ;
; 5:1                ; 5 bits    ; 15 LEs        ; 10 LEs               ; 5 LEs                  ; Yes        ; |Digital_Clock_2|min_low_out[4]  ;
; 3:1                ; 5 bits    ; 10 LEs        ; 10 LEs               ; 0 LEs                  ; No         ; |Digital_Clock_2|hr_low_out      ;
+--------------------+-----------+---------------+----------------------+------------------------+------------+----------------------------------+


+-------------------------------+
; Analysis & Synthesis Messages ;
+-------------------------------+
Info: *******************************************************************
Info: Running Quartus II Analysis & Synthesis
    Info: Version 9.1 Build 222 10/21/2009 SJ Full Version
    Info: Processing started: Fri May 05 14:15:46 2017
Info: Command: quartus_map --read_settings_files=on --write_settings_files=off Digital_Clock_2 -c Digital_Clock_2
Info: Parallel compilation is enabled and will use 2 of the 2 processors detected
Info: Found 1 design units, including 1 entities, in source file digital_clock_2.v
    Info: Found entity 1: Digital_Clock_2
Info: Elaborating entity "Digital_Clock_2" for the top level hierarchy
Warning (10235): Verilog HDL Always Construct warning at Digital_Clock_2.v(37): variable "count" is read inside the Always Construct but isn't in the Always Construct's Event Control
Warning (10235): Verilog HDL Always Construct warning at Digital_Clock_2.v(38): variable "clk_freq_div" is read inside the Always Construct but isn't in the Always Construct's Event Control
Warning (10235): Verilog HDL Always Construct warning at Digital_Clock_2.v(41): variable "count" is read inside the Always Construct but isn't in the Always Construct's Event Control
Warning (10240): Verilog HDL Always Construct warning at Digital_Clock_2.v(36): inferring latch(es) for variable "clk_freq_div", which holds its previous value in one or more paths through the always construct
Info (10041): Inferred latch for "clk_freq_div" at Digital_Clock_2.v(41)
Warning: Output pins are stuck at VCC or GND
    Warning (13410): Pin "out_data[7]" is stuck at VCC
Info: 62 registers lost all their fanouts during netlist optimizations. The first 62 are displayed below.
    Info: Register "count1[20]" lost all its fanouts during netlist optimizations.
    Info: Register "count1[21]" lost all its fanouts during netlist optimizations.
    Info: Register "count1[22]" lost all its fanouts during netlist optimizations.
    Info: Register "count1[23]" lost all its fanouts during netlist optimizations.
    Info: Register "count1[24]" lost all its fanouts during netlist optimizations.
    Info: Register "count1[25]" lost all its fanouts during netlist optimizations.
    Info: Register "count1[26]" lost all its fanouts during netlist optimizations.
    Info: Register "count1[27]" lost all its fanouts during netlist optimizations.
    Info: Register "count1[28]" lost all its fanouts during netlist optimizations.
    Info: Register "count1[29]" lost all its fanouts during netlist optimizations.
    Info: Register "count1[30]" lost all its fanouts during netlist optimizations.
    Info: Register "key_low_min[14]" lost all its fanouts during netlist optimizations.
    Info: Register "key_low_min[15]" lost all its fanouts during netlist optimizations.
    Info: Register "key_low_min[16]" lost all its fanouts during netlist optimizations.
    Info: Register "key_low_min[17]" lost all its fanouts during netlist optimizations.
    Info: Register "key_low_min[18]" lost all its fanouts during netlist optimizations.
    Info: Register "key_low_min[19]" lost all its fanouts during netlist optimizations.
    Info: Register "key_low_min[20]" lost all its fanouts during netlist optimizations.
    Info: Register "key_low_min[21]" lost all its fanouts during netlist optimizations.
    Info: Register "key_low_min[22]" lost all its fanouts during netlist optimizations.
    Info: Register "key_low_min[23]" lost all its fanouts during netlist optimizations.
    Info: Register "key_low_min[24]" lost all its fanouts during netlist optimizations.
    Info: Register "key_low_min[25]" lost all its fanouts during netlist optimizations.
    Info: Register "key_low_min[26]" lost all its fanouts during netlist optimizations.
    Info: Register "key_low_min[27]" lost all its fanouts during netlist optimizations.
    Info: Register "key_low_min[28]" lost all its fanouts during netlist optimizations.
    Info: Register "key_low_min[29]" lost all its fanouts during netlist optimizations.
    Info: Register "key_low_min[30]" lost all its fanouts during netlist optimizations.
    Info: Register "key_low_en[14]" lost all its fanouts during netlist optimizations.
    Info: Register "key_low_en[15]" lost all its fanouts during netlist optimizations.
    Info: Register "key_low_en[16]" lost all its fanouts during netlist optimizations.
    Info: Register "key_low_en[17]" lost all its fanouts during netlist optimizations.
    Info: Register "key_low_en[18]" lost all its fanouts during netlist optimizations.
    Info: Register "key_low_en[19]" lost all its fanouts during netlist optimizations.
    Info: Register "key_low_en[20]" lost all its fanouts during netlist optimizations.
    Info: Register "key_low_en[21]" lost all its fanouts during netlist optimizations.
    Info: Register "key_low_en[22]" lost all its fanouts during netlist optimizations.
    Info: Register "key_low_en[23]" lost all its fanouts during netlist optimizations.
    Info: Register "key_low_en[24]" lost all its fanouts during netlist optimizations.
    Info: Register "key_low_en[25]" lost all its fanouts during netlist optimizations.
    Info: Register "key_low_en[26]" lost all its fanouts during netlist optimizations.
    Info: Register "key_low_en[27]" lost all its fanouts during netlist optimizations.
    Info: Register "key_low_en[28]" lost all its fanouts during netlist optimizations.
    Info: Register "key_low_en[29]" lost all its fanouts during netlist optimizations.
    Info: Register "key_low_en[30]" lost all its fanouts during netlist optimizations.
    Info: Register "key_low_hr[14]" lost all its fanouts during netlist optimizations.
    Info: Register "key_low_hr[15]" lost all its fanouts during netlist optimizations.
    Info: Register "key_low_hr[16]" lost all its fanouts during netlist optimizations.
    Info: Register "key_low_hr[17]" lost all its fanouts during netlist optimizations.
    Info: Register "key_low_hr[18]" lost all its fanouts during netlist optimizations.
    Info: Register "key_low_hr[19]" lost all its fanouts during netlist optimizations.
    Info: Register "key_low_hr[20]" lost all its fanouts during netlist optimizations.
    Info: Register "key_low_hr[21]" lost all its fanouts during netlist optimizations.
    Info: Register "key_low_hr[22]" lost all its fanouts during netlist optimizations.
    Info: Register "key_low_hr[23]" lost all its fanouts during netlist optimizations.
    Info: Register "key_low_hr[24]" lost all its fanouts during netlist optimizations.
    Info: Register "key_low_hr[25]" lost all its fanouts during netlist optimizations.
    Info: Register "key_low_hr[26]" lost all its fanouts during netlist optimizations.
    Info: Register "key_low_hr[27]" lost all its fanouts during netlist optimizations.
    Info: Register "key_low_hr[28]" lost all its fanouts during netlist optimizations.
    Info: Register "key_low_hr[29]" lost all its fanouts during netlist optimizations.
    Info: Register "key_low_hr[30]" lost all its fanouts during netlist optimizations.
Info: Generated suppressed messages file Z:/benjaminzhang On My Mac/Study And Info/College/作业及作业资料/大二/EDA/EDA_Project/Digital_Clock_2/Digital_Clock_2.map.smsg
Info: Implemented 213 device resources after synthesis - the final resource count might be different
    Info: Implemented 5 input pins
    Info: Implemented 12 output pins
    Info: Implemented 196 logic cells
Info: Quartus II Analysis & Synthesis was successful. 0 errors, 6 warnings
    Info: Peak virtual memory: 235 megabytes
    Info: Processing ended: Fri May 05 14:15:48 2017
    Info: Elapsed time: 00:00:02
    Info: Total CPU time (on all processors): 00:00:03


+------------------------------------------+
; Analysis & Synthesis Suppressed Messages ;
+------------------------------------------+
The suppressed messages can be found in Z:/benjaminzhang On My Mac/Study And Info/College/作业及作业资料/大二/EDA/EDA_Project/Digital_Clock_2/Digital_Clock_2.map.smsg.


