Assembler report for Digital_Clock_2
Fri May 12 11:30:31 2017
Quartus II Version 9.1 Build 222 10/21/2009 SJ Full Version


---------------------
; Table of Contents ;
---------------------
  1. Legal Notice
  2. Assembler Summary
  3. Assembler Settings
  4. Assembler Generated Files
  5. Assembler Device Options: Z:/benjaminzhang On My Mac/Study And Info/College/作业及作业资料/大二/EDA/EDA_Project/Digital_Clock_2/Digital_Clock_2.sof
  6. Assembler Device Options: Z:/benjaminzhang On My Mac/Study And Info/College/作业及作业资料/大二/EDA/EDA_Project/Digital_Clock_2/Digital_Clock_2.pof
  7. Assembler Messages



----------------
; Legal Notice ;
----------------
Copyright (C) 1991-2009 Altera Corporation
Your use of Altera Corporation's design tools, logic functions 
and other software and tools, and its AMPP partner logic 
functions, and any output files from any of the foregoing 
(including device programming or simulation files), and any 
associated documentation or information are expressly subject 
to the terms and conditions of the Altera Program License 
Subscription Agreement, Altera MegaCore Function License 
Agreement, or other applicable license agreement, including, 
without limitation, that your use is for the sole purpose of 
programming logic devices manufactured by Altera and sold by 
Altera or its authorized distributors.  Please refer to the 
applicable agreement for further details.



+---------------------------------------------------------------+
; Assembler Summary                                             ;
+-----------------------+---------------------------------------+
; Assembler Status      ; Successful - Fri May 12 11:30:31 2017 ;
; Revision Name         ; Digital_Clock_2                       ;
; Top-level Entity Name ; Digital_Clock_2                       ;
; Family                ; Cyclone                               ;
; Device                ; EP1C6Q240C8                           ;
+-----------------------+---------------------------------------+


+--------------------------------------------------------------------------------------------------------+
; Assembler Settings                                                                                     ;
+-----------------------------------------------------------------------------+----------+---------------+
; Option                                                                      ; Setting  ; Default Value ;
+-----------------------------------------------------------------------------+----------+---------------+
; Use smart compilation                                                       ; Off      ; Off           ;
; Enable parallel Assembler and TimeQuest Timing Analyzer during compilation  ; On       ; On            ;
; Enable compact report table                                                 ; Off      ; Off           ;
; Generate compressed bitstreams                                              ; On       ; On            ;
; Compression mode                                                            ; Off      ; Off           ;
; Clock source for configuration device                                       ; Internal ; Internal      ;
; Clock frequency of the configuration device                                 ; 10 MHZ   ; 10 MHz        ;
; Divide clock frequency by                                                   ; 1        ; 1             ;
; Auto user code                                                              ; Off      ; Off           ;
; Use configuration device                                                    ; On       ; On            ;
; Configuration device                                                        ; Auto     ; Auto          ;
; Configuration device auto user code                                         ; Off      ; Off           ;
; Auto-increment JTAG user code for multiple configuration devices            ; On       ; On            ;
; Generate Tabular Text File (.ttf) For Target Device                         ; Off      ; Off           ;
; Generate Raw Binary File (.rbf) For Target Device                           ; Off      ; Off           ;
; Generate Hexadecimal (Intel-Format) Output File (.hexout) for Target Device ; Off      ; Off           ;
; Hexadecimal Output File start address                                       ; 0        ; 0             ;
; Hexadecimal Output File count direction                                     ; Up       ; Up            ;
; Release clears before tri-states                                            ; Off      ; Off           ;
; Auto-restart configuration after error                                      ; On       ; On            ;
; Generate Serial Vector Format File (.svf) for Target Device                 ; Off      ; Off           ;
; Generate a JEDEC STAPL Format File (.jam) for Target Device                 ; Off      ; Off           ;
; Generate a compressed Jam STAPL Byte Code 2.0 File (.jbc) for Target Device ; Off      ; Off           ;
; Generate a compressed Jam STAPL Byte Code 2.0 File (.jbc) for Target Device ; On       ; On            ;
+-----------------------------------------------------------------------------+----------+---------------+


+---------------------------------------------------------------------------------------------------------------------------+
; Assembler Generated Files                                                                                                 ;
+---------------------------------------------------------------------------------------------------------------------------+
; File Name                                                                                                                 ;
+---------------------------------------------------------------------------------------------------------------------------+
; Z:/benjaminzhang On My Mac/Study And Info/College/作业及作业资料/大二/EDA/EDA_Project/Digital_Clock_2/Digital_Clock_2.sof ;
; Z:/benjaminzhang On My Mac/Study And Info/College/作业及作业资料/大二/EDA/EDA_Project/Digital_Clock_2/Digital_Clock_2.pof ;
+---------------------------------------------------------------------------------------------------------------------------+


+-----------------------------------------------------------------------------------------------------------------------------------------------------+
; Assembler Device Options: Z:/benjaminzhang On My Mac/Study And Info/College/作业及作业资料/大二/EDA/EDA_Project/Digital_Clock_2/Digital_Clock_2.sof ;
+----------------+------------------------------------------------------------------------------------------------------------------------------------+
; Option         ; Setting                                                                                                                            ;
+----------------+------------------------------------------------------------------------------------------------------------------------------------+
; Device         ; EP1C6Q240C8                                                                                                                        ;
; JTAG usercode  ; 0xFFFFFFFF                                                                                                                         ;
; Checksum       ; 0x000AC180                                                                                                                         ;
+----------------+------------------------------------------------------------------------------------------------------------------------------------+


+-----------------------------------------------------------------------------------------------------------------------------------------------------+
; Assembler Device Options: Z:/benjaminzhang On My Mac/Study And Info/College/作业及作业资料/大二/EDA/EDA_Project/Digital_Clock_2/Digital_Clock_2.pof ;
+--------------------+--------------------------------------------------------------------------------------------------------------------------------+
; Option             ; Setting                                                                                                                        ;
+--------------------+--------------------------------------------------------------------------------------------------------------------------------+
; Device             ; EPCS4                                                                                                                          ;
; JTAG usercode      ; 0x00000000                                                                                                                     ;
; Checksum           ; 0x075B9308                                                                                                                     ;
; Compression Ratio  ; 3                                                                                                                              ;
+--------------------+--------------------------------------------------------------------------------------------------------------------------------+


+--------------------+
; Assembler Messages ;
+--------------------+
Info: *******************************************************************
Info: Running Quartus II Assembler
    Info: Version 9.1 Build 222 10/21/2009 SJ Full Version
    Info: Processing started: Fri May 12 11:30:30 2017
Info: Command: quartus_asm --read_settings_files=off --write_settings_files=off Digital_Clock_2 -c Digital_Clock_2
Info: Assembler is generating device programming files
Info: Quartus II Assembler was successful. 0 errors, 0 warnings
    Info: Peak virtual memory: 222 megabytes
    Info: Processing ended: Fri May 12 11:30:31 2017
    Info: Elapsed time: 00:00:01
    Info: Total CPU time (on all processors): 00:00:01


